<?xml version="1.0" encoding="UTF-8"?>
<!-- Generated by org.testng.reporters.JUnitReportReporter -->
<testsuite hostname="LAPTOP-V2EFQHVH" failures="0" tests="1" name="com.comcast.crm.contacttest.SampleTest" time="5.383" errors="0" timestamp="29 May 2024 07:03:04 GMT" skipped="0">
  <testcase classname="com.comcast.crm.contacttest.SampleTest" name="createConTactTest" time="5.383"/>
</testsuite> <!-- com.comcast.crm.contacttest.SampleTest -->
