<?xml version="1.0" encoding="UTF-8"?>
<!-- Generated by org.testng.reporters.JUnitReportReporter -->
<testsuite hostname="LAPTOP-V2EFQHVH" failures="0" tests="1" name="com.grubhub.ofos.restaurantTest.RestaurantTest" time="4.198" errors="0" timestamp="29 May 2024 09:54:35 GMT" skipped="0">
  <testcase classname="com.grubhub.ofos.restaurantTest.RestaurantTest" name="addRestaurantandVerifyAllRestaurantTest" time="4.198"/>
</testsuite> <!-- com.grubhub.ofos.restaurantTest.RestaurantTest -->
